> SET a 1 2 3
> SET b 1 2 3
> APPEND a b
> LIST ENTRIES
a [1 2 3 b]
b [1 2 3]
> SET c 1 21
> APPEND b a
> LIST ENTRIES
a [1 2 3 b]
b [1 2 3 a]
c [1 21]
> SET b 1 2 3
> LIST ENTRIES
a [1 2 3 b]
b [1 2 3]
c [1 21]
> APPEND b c
> LIST ENTRIES
a [1 2 3 b]
b [1 2 3 c]
c [1 21]
> HELP  
BYE   clear database and exit
HELP  display this help message

LIST KEYS       displays all keys in current state
LIST ENTRIES    displays all entries in current state
LIST SNAPSHOTS  displays all snapshots in the database

GET <key>    displays entry values
DEL <key>    deletes entry from current state
PURGE <key>  deletes entry from current state and snapshots

SET <key> <value ...>     sets entry values
PUSH <key> <value ...>    pushes values to the front
APPEND <key> <value ...>  appends values to the back

PICK <key> <index>   displays value at index
PLUCK <key> <index>  displays and removes value at index
POP <key>            displays and removes the front value

DROP <id>      deletes snapshot
ROLLBACK <id>  restores to snapshot and deletes newer snapshots
CHECKOUT <id>  replaces current state with a copy of snapshot
SNAPSHOT       saves the current state as a snapshot

MIN <key>  displays minimum value
MAX <key>  displays maximum value
SUM <key>  displays sum of values
LEN <key>  displays number of values

REV <key>   reverses order of values (simple entry only)
UNIQ <key>  removes repeated adjacent values (simple entry only)
SORT <key>  sorts values in ascending order (simple entry only)

FORWARD <key> lists all the forward references of this key
BACKWARD <key> lists all the backward references of this key
TYPE <key> displays if the entry of this key is simple or general

> SNAPSHOT
> LIST SNAPSHOTS
0 
> DEL c
You cannot delete an entry with backlinks!
> DEL a
> DEL b
> LIST ENTRIES
s [-654815216 2 3 c]
c [1 21]
> LIST ENTRIES      
s [-654815216 2 3 c]
c [1 21]
> CHECKOUT 0
> LIST ENTRIES
a [1 2 3 b]
b [1 2 3 c]
c [1 21]
> SNAPSHOT
> LIST SNAPSHOTS
0 1 
> CHECKOUT 1
> DEL a