> SET a 1 2 3

ok

> SET b -1 0 1

ok

> SET c 10 20 30

ok

> PUSH b c

ok

> PUSH a b

ok

> PUSH a c

ok

> SNAPSHOT

saved as snapshot 1

> PLUCK a 2

b

> SNAPSHOT

saved as snapshot 2

> PLUCK b 2

-1

> SNAPSHOT

saved as snapshot 3

> PLUCK c 2

20

> SNAPSHOT

saved as snapshot 4

> CHECKOUT 1


> LIST ENTRIES

c [10 20 30]
b [c -1 0 1]
a [c b 1 2 3]

> FORWARD a

b c

> BACKWARD c

a b

> SUM a

Sum of values is: 126

> CHECKOUT 2


> LIST ENTRIES

c [10 20 30]
b [c -1 0 1]
a [c 1 2 3]

> FORWARD a

c

> BACKWARD c

a b

> SUM a

Sum of values is: 66

> CHECKOUT 3


> LIST ENTRIES

c [10 20 30]
b [c 0 1]
a [c 1 2 3]

> FORWARD a

c

> BACKWARD c

a b

> SUM a

Sum of values is: 66

> LIST SNAPSHOTS

4
3
2
1

>
bye